# JRE version: Java(TM) SE Runtime Environment (8.0_111-b14) (build 1.8.0_111-b14)
# Java VM: Java HotSpot(TM) 64-Bit Server VM (25.111-b14 mixed mode windows-amd64 compressed oops)
Heap:
 PSYoungGen      total 147456K, used 63998K [0x000000076c380000, 0x0000000778400000, 0x00000007c0000000)
  eden space 130048K, 49% used [0x000000076c380000,0x00000007701ffb80,0x0000000774280000)
  from space 17408K, 0% used [0x0000000774280000,0x0000000774280000,0x0000000775380000)
  to   space 22016K, 0% used [0x0000000776e80000,0x0000000776e80000,0x0000000778400000)
 ParOldGen       total 286208K, used 41394K [0x00000006c4a00000, 0x00000006d6180000, 0x000000076c380000)
  object space 286208K, 14% used [0x00000006c4a00000,0x00000006c726c8a0,0x00000006d6180000)
 Metaspace       used 58300K, capacity 61232K, committed 61312K, reserved 1101824K
  class space    used 7760K, capacity 8284K, committed 8320K, reserved 1048576K
GC Heap History (10 events):
Event: 26.093 GC heap before
{Heap before GC invocations=10 (full 2):
 PSYoungGen      total 100352K, used 89088K [0x000000076c380000, 0x0000000775600000, 0x00000007c0000000)
  eden space 89088K, 100% used [0x000000076c380000,0x0000000771a80000,0x0000000771a80000)
  from space 11264K, 0% used [0x0000000771a80000,0x0000000771a80000,0x0000000772580000)
  to   space 12288K, 0% used [0x0000000774a00000,0x0000000774a00000,0x0000000775600000)
 ParOldGen       total 189952K, used 17356K [0x00000006c4a00000, 0x00000006d0380000, 0x000000076c380000)
  object space 189952K, 9% used [0x00000006c4a00000,0x00000006c5af3110,0x00000006d0380000)
 Metaspace       used 40737K, capacity 42848K, committed 43136K, reserved 1087488K
  class space    used 5567K, capacity 5964K, committed 6016K, reserved 1048576K
Event: 26.102 GC heap after
Heap after GC invocations=10 (full 2):
 PSYoungGen      total 123392K, used 9527K [0x000000076c380000, 0x0000000775380000, 0x00000007c0000000)
  eden space 113664K, 0% used [0x000000076c380000,0x000000076c380000,0x0000000773280000)
  from space 9728K, 97% used [0x0000000774a00000,0x000000077534df18,0x0000000775380000)
  to   space 12800K, 0% used [0x0000000773a80000,0x0000000773a80000,0x0000000774700000)
 ParOldGen       total 189952K, used 17364K [0x00000006c4a00000, 0x00000006d0380000, 0x000000076c380000)
  object space 189952K, 9% used [0x00000006c4a00000,0x00000006c5af5110,0x00000006d0380000)
 Metaspace       used 40737K, capacity 42848K, committed 43136K, reserved 1087488K
  class space    used 5567K, capacity 5964K, committed 6016K, reserved 1048576K
}
Event: 26.816 GC heap before
{Heap before GC invocations=11 (full 2):
 PSYoungGen      total 123392K, used 123191K [0x000000076c380000, 0x0000000775380000, 0x00000007c0000000)
  eden space 113664K, 100% used [0x000000076c380000,0x0000000773280000,0x0000000773280000)
  from space 9728K, 97% used [0x0000000774a00000,0x000000077534df18,0x0000000775380000)
  to   space 12800K, 0% used [0x0000000773a80000,0x0000000773a80000,0x0000000774700000)
 ParOldGen       total 189952K, used 17364K [0x00000006c4a00000, 0x00000006d0380000, 0x000000076c380000)
  object space 189952K, 9% used [0x00000006c4a00000,0x00000006c5af5110,0x00000006d0380000)
 Metaspace       used 43446K, capacity 45630K, committed 45824K, reserved 1089536K
  class space    used 5971K, capacity 6369K, committed 6400K, reserved 1048576K
Event: 26.825 GC heap after
Heap after GC invocations=11 (full 2):
 PSYoungGen      total 134656K, used 9010K [0x000000076c380000, 0x0000000775f80000, 0x00000007c0000000)
  eden space 121856K, 0% used [0x000000076c380000,0x000000076c380000,0x0000000773a80000)
  from space 12800K, 70% used [0x0000000773a80000,0x000000077434c8e8,0x0000000774700000)
  to   space 12288K, 0% used [0x0000000775380000,0x0000000775380000,0x0000000775f80000)
 ParOldGen       total 189952K, used 17372K [0x00000006c4a00000, 0x00000006d0380000, 0x000000076c380000)
  object space 189952K, 9% used [0x00000006c4a00000,0x00000006c5af7110,0x00000006d0380000)
 Metaspace       used 43446K, capacity 45630K, committed 45824K, reserved 1089536K
  class space    used 5971K, capacity 6369K, committed 6400K, reserved 1048576K
}
Event: 28.122 GC heap before
{Heap before GC invocations=12 (full 2):
 PSYoungGen      total 134656K, used 130866K [0x000000076c380000, 0x0000000775f80000, 0x00000007c0000000)
  eden space 121856K, 100% used [0x000000076c380000,0x0000000773a80000,0x0000000773a80000)
  from space 12800K, 70% used [0x0000000773a80000,0x000000077434c8e8,0x0000000774700000)
  to   space 12288K, 0% used [0x0000000775380000,0x0000000775380000,0x0000000775f80000)
 ParOldGen       total 189952K, used 17372K [0x00000006c4a00000, 0x00000006d0380000, 0x000000076c380000)
  object space 189952K, 9% used [0x00000006c4a00000,0x00000006c5af7110,0x00000006d0380000)
 Metaspace       used 47414K, capacity 49754K, committed 49920K, reserved 1091584K
  class space    used 6390K, capacity 6823K, committed 6912K, reserved 1048576K
Event: 28.142 GC heap after
Heap after GC invocations=12 (full 2):
 PSYoungGen      total 142336K, used 12264K [0x000000076c380000, 0x0000000777600000, 0x00000007c0000000)
  eden space 130048K, 0% used [0x000000076c380000,0x000000076c380000,0x0000000774280000)
  from space 12288K, 99% used [0x0000000775380000,0x0000000775f7a060,0x0000000775f80000)
  to   space 17408K, 0% used [0x0000000774280000,0x0000000774280000,0x0000000775380000)
 ParOldGen       total 189952K, used 27774K [0x00000006c4a00000, 0x00000006d0380000, 0x000000076c380000)
  object space 189952K, 14% used [0x00000006c4a00000,0x00000006c651f8b8,0x00000006d0380000)
 Metaspace       used 47414K, capacity 49754K, committed 49920K, reserved 1091584K
  class space    used 6390K, capacity 6823K, committed 6912K, reserved 1048576K
}
Event: 63.275 GC heap before
{Heap before GC invocations=13 (full 2):
 PSYoungGen      total 142336K, used 117367K [0x000000076c380000, 0x0000000777600000, 0x00000007c0000000)
  eden space 130048K, 80% used [0x000000076c380000,0x0000000772a23e40,0x0000000774280000)
  from space 12288K, 99% used [0x0000000775380000,0x0000000775f7a060,0x0000000775f80000)
  to   space 17408K, 0% used [0x0000000774280000,0x0000000774280000,0x0000000775380000)
 ParOldGen       total 189952K, used 27774K [0x00000006c4a00000, 0x00000006d0380000, 0x000000076c380000)
  object space 189952K, 14% used [0x00000006c4a00000,0x00000006c651f8b8,0x00000006d0380000)
 Metaspace       used 56202K, capacity 59088K, committed 59160K, reserved 1099776K
  class space    used 7485K, capacity 8022K, committed 8064K, reserved 1048576K
Event: 63.308 GC heap after
Heap after GC invocations=13 (full 2):
 PSYoungGen      total 147456K, used 17407K [0x000000076c380000, 0x0000000778400000, 0x00000007c0000000)
  eden space 130048K, 0% used [0x000000076c380000,0x000000076c380000,0x0000000774280000)
  from space 17408K, 99% used [0x0000000774280000,0x000000077537ff70,0x0000000775380000)
  to   space 22016K, 0% used [0x0000000776e80000,0x0000000776e80000,0x0000000778400000)
 ParOldGen       total 189952K, used 34154K [0x00000006c4a00000, 0x00000006d0380000, 0x000000076c380000)
  object space 189952K, 17% used [0x00000006c4a00000,0x00000006c6b5aa80,0x00000006d0380000)
 Metaspace       used 56202K, capacity 59088K, committed 59160K, reserved 1099776K
  class space    used 7485K, capacity 8022K, committed 8064K, reserved 1048576K
}
Event: 63.308 GC heap before
{Heap before GC invocations=14 (full 3):
 PSYoungGen      total 147456K, used 17407K [0x000000076c380000, 0x0000000778400000, 0x00000007c0000000)
  eden space 130048K, 0% used [0x000000076c380000,0x000000076c380000,0x0000000774280000)
  from space 17408K, 99% used [0x0000000774280000,0x000000077537ff70,0x0000000775380000)
  to   space 22016K, 0% used [0x0000000776e80000,0x0000000776e80000,0x0000000778400000)
 ParOldGen       total 189952K, used 34154K [0x00000006c4a00000, 0x00000006d0380000, 0x000000076c380000)
  object space 189952K, 17% used [0x00000006c4a00000,0x00000006c6b5aa80,0x00000006d0380000)
 Metaspace       used 56202K, capacity 59088K, committed 59160K, reserved 1099776K
  class space    used 7485K, capacity 8022K, committed 8064K, reserved 1048576K
Event: 63.520 GC heap after
Heap after GC invocations=14 (full 3):
 PSYoungGen      total 147456K, used 0K [0x000000076c380000, 0x0000000778400000, 0x00000007c0000000)
  eden space 130048K, 0% used [0x000000076c380000,0x000000076c380000,0x0000000774280000)
  from space 17408K, 0% used [0x0000000774280000,0x0000000774280000,0x0000000775380000)
  to   space 22016K, 0% used [0x0000000776e80000,0x0000000776e80000,0x0000000778400000)
 ParOldGen       total 286208K, used 41394K [0x00000006c4a00000, 0x00000006d6180000, 0x000000076c380000)
  object space 286208K, 14% used [0x00000006c4a00000,0x00000006c726c8a0,0x00000006d6180000)
 Metaspace       used 56202K, capacity 59088K, committed 59160K, reserved 1099776K
  class space    used 7485K, capacity 8022K, committed 8064K, reserved 1048576K
}

